CodAppFlutter/build/app/outputs/mapping/release/mapping.txt
# compiler: R8
# compiler_version: 1.5.64
# min_api: 18
# pg_map_id: b4b6b01
...
androidx.versionedparcelable.VersionedParcelParcel -> androidx.versionedparcelable.b:
    android.util.SparseIntArray mPositionLookup -> a
    android.os.Parcel mParcel -> b
    int mCurrentField -> f
    int mNextRead -> g
    int mEnd -> d
    int mOffset -> c
    java.lang.String mPrefix -> e
    void closeField() -> a
    boolean readField(int) -> a
    void writeByteArray(byte[]) -> a
    void writeParcelable(android.os.Parcelable) -> a
    void writeString(java.lang.String) -> a
    androidx.versionedparcelable.VersionedParcel createSubParcel() -> b
    void setOutputField(int) -> b
    void writeInt(int) -> c
    byte[] readByteArray() -> d
    int readUntilField(int) -> d
    int readInt() -> e
    android.os.Parcelable readParcelable() -> f
    java.lang.String readString() -> g
androidx.versionedparcelable.VersionedParcelable -> androidx.versionedparcelable.c:
io.flutter.Log -> b.a.a:
    void d(java.lang.String,java.lang.String) -> a
    void e(java.lang.String,java.lang.String,java.lang.Throwable) -> a
    void v(java.lang.String,java.lang.String) -> b
    void w(java.lang.String,java.lang.String) -> c
io.flutter.app.FlutterActivity -> io.flutter.app.a:
    io.flutter.app.FlutterActivityEvents eventDelegate -> b
    io.flutter.app.FlutterActivityDelegate delegate -> a
    io.flutter.plugin.common.PluginRegistry pluginRegistry -> c
    io.flutter.view.FlutterView createFlutterView(android.content.Context) -> a
    boolean hasPlugin(java.lang.String) -> a
    boolean retainFlutterNativeView() -> a
    io.flutter.view.FlutterNativeView createFlutterNativeView() -> b
    io.flutter.plugin.common.PluginRegistry$Registrar registrarFor(java.lang.String) -> b
io.flutter.app.FlutterActivityDelegate -> io.flutter.app.b:
    io.flutter.view.FlutterView flutterView -> c
    io.flutter.app.FlutterActivityDelegate$ViewFactory viewFactory -> b
    android.view.WindowManager$LayoutParams matchParent -> e
    android.app.Activity activity -> a
    android.view.View launchView -> d
    android.view.View access$000(io.flutter.app.FlutterActivityDelegate) -> a
    android.view.View access$002(io.flutter.app.FlutterActivityDelegate,android.view.View) -> a
    void addLaunchView() -> a
    java.lang.String[] getArgsFromIntent(android.content.Intent) -> a
    boolean hasPlugin(java.lang.String) -> a
    boolean onActivityResult(int,int,android.content.Intent) -> a
    boolean onRequestPermissionsResult(int,java.lang.String[],int[]) -> a
    io.flutter.view.FlutterView access$100(io.flutter.app.FlutterActivityDelegate) -> b
    android.view.View createLaunchView() -> b
    boolean loadIntent(android.content.Intent) -> b
    io.flutter.plugin.common.PluginRegistry$Registrar registrarFor(java.lang.String) -> b
    android.graphics.drawable.Drawable getLaunchScreenDrawableFromActivityTheme() -> c
    void runBundle(java.lang.String) -> c
    boolean isDebuggable() -> d
    java.lang.Boolean showSplashScreenUntilFirstFrame() -> e
io.flutter.app.FlutterActivityDelegate$1 -> io.flutter.app.b$a:
    io.flutter.app.FlutterActivityDelegate this$0 -> a
    void onFirstFrame() -> a
io.flutter.app.FlutterActivityDelegate$1$1 -> io.flutter.app.b$a$a:
    io.flutter.app.FlutterActivityDelegate$1 this$1 -> a
io.flutter.app.FlutterActivityDelegate$ViewFactory -> io.flutter.app.b$b:
    io.flutter.view.FlutterView createFlutterView(android.content.Context) -> a
    boolean retainFlutterNativeView() -> a
    io.flutter.view.FlutterNativeView createFlutterNativeView() -> b
io.flutter.app.FlutterActivityEvents -> io.flutter.app.c:
io.flutter.app.FlutterApplication -> io.flutter.app.FlutterApplication:
    android.app.Activity mCurrentActivity -> a
    android.app.Activity getCurrentActivity() -> a
    void setCurrentActivity(android.app.Activity) -> a